<?xml version="1.0" encoding="UTF-8"?>
<!-- Generated by org.testng.reporters.JUnitXMLReporter -->
<testsuite ignored="0" hostname="Satarupa-Biswal" failures="0" tests="7" name="To validate Search Feature" time="149.268" errors="0" timestamp="03 Jul 2023 00:15:00 GMT">
  <testcase classname="test.SearchTest" name="verifySearchInSilverStripe" time="9.413"/>
  <testcase classname="test.SearchTest" name="verifySearchInSilverStripe" time="3.238"/>
  <testcase classname="test.SearchTest" name="verifySearchInSilverStripe" time="3.047"/>
  <testcase classname="test.SearchTest" name="verifySearchInSilverStripe" time="3.12"/>
  <testcase classname="test.SearchTest" name="verifyInvalidSearchInSilverstripe" time="1.414"/>
  <testcase classname="test.SearchTest" name="verifyKeywordSearchWithSpecialCharactersInSilverstripe" time="121.873"/>
  <testcase classname="test.SearchTest" name="verifyKeywordSearchWithCombinationOfSpeacialCharactersAndText" time="2.719"/>
</testsuite> <!-- To validate Search Feature -->
